<?xml version="1.0" encoding="UTF-8"?>
<testsuite xmlns:xsi="http://www.w3.org/2001/XMLSchema-instance" xsi:noNamespaceSchemaLocation="https://maven.apache.org/surefire/maven-surefire-plugin/xsd/surefire-test-report-3.0.xsd" version="3.0" name="UnitTest.EstudianteConsultaEstadoTest" time="0.086" tests="5" errors="0" skipped="0" failures="0">
  <properties>
    <property name="java.specification.version" value="24"/>
    <property name="sun.cpu.isalist" value="amd64"/>
    <property name="sun.jnu.encoding" value="Cp1252"/>
    <property name="java.class.path" value="C:\Users\david\Downloads\ProyectoDeGrado\target\test-classes;C:\Users\david\Downloads\ProyectoDeGrado\target\classes;C:\Users\david\.m2\repository\org\openjfx\javafx-controls\21.0.3\javafx-controls-21.0.3.jar;C:\Users\david\.m2\repository\org\openjfx\javafx-controls\21.0.3\javafx-controls-21.0.3-win.jar;C:\Users\david\.m2\repository\org\openjfx\javafx-graphics\21.0.3\javafx-graphics-21.0.3.jar;C:\Users\david\.m2\repository\org\openjfx\javafx-graphics\21.0.3\javafx-graphics-21.0.3-win.jar;C:\Users\david\.m2\repository\org\openjfx\javafx-base\21.0.3\javafx-base-21.0.3.jar;C:\Users\david\.m2\repository\org\openjfx\javafx-base\21.0.3\javafx-base-21.0.3-win.jar;C:\Users\david\.m2\repository\org\openjfx\javafx-fxml\21.0.3\javafx-fxml-21.0.3.jar;C:\Users\david\.m2\repository\org\openjfx\javafx-fxml\21.0.3\javafx-fxml-21.0.3-win.jar;C:\Users\david\.m2\repository\org\xerial\sqlite-jdbc\3.45.1.0\sqlite-jdbc-3.45.1.0.jar;C:\Users\david\.m2\repository\org\slf4j\slf4j-api\1.7.36\slf4j-api-1.7.36.jar;C:\Users\david\.m2\repository\org\mockito\mockito-core\5.18.0\mockito-core-5.18.0.jar;C:\Users\david\.m2\repository\net\bytebuddy\byte-buddy\1.17.5\byte-buddy-1.17.5.jar;C:\Users\david\.m2\repository\net\bytebuddy\byte-buddy-agent\1.17.5\byte-buddy-agent-1.17.5.jar;C:\Users\david\.m2\repository\org\objenesis\objenesis\3.3\objenesis-3.3.jar;C:\Users\david\.m2\repository\org\mockito\mockito-junit-jupiter\5.3.1\mockito-junit-jupiter-5.3.1.jar;C:\Users\david\.m2\repository\org\junit\jupiter\junit-jupiter-api\5.6.0\junit-jupiter-api-5.6.0.jar;C:\Users\david\.m2\repository\org\apiguardian\apiguardian-api\1.1.0\apiguardian-api-1.1.0.jar;C:\Users\david\.m2\repository\org\opentest4j\opentest4j\1.2.0\opentest4j-1.2.0.jar;C:\Users\david\.m2\repository\org\junit\platform\junit-platform-commons\1.6.0\junit-platform-commons-1.6.0.jar;C:\Users\david\.m2\repository\org\junit\jupiter\junit-jupiter-engine\5.6.0\junit-jupiter-engine-5.6.0.jar;C:\Users\david\.m2\repository\org\junit\platform\junit-platform-engine\1.6.0\junit-platform-engine-1.6.0.jar;"/>
    <property name="java.vm.vendor" value="Azul Systems, Inc."/>
    <property name="sun.arch.data.model" value="64"/>
    <property name="user.variant" value=""/>
    <property name="java.vendor.url" value="http://www.azul.com/"/>
    <property name="user.timezone" value="America/Bogota"/>
    <property name="os.name" value="Windows 11"/>
    <property name="java.vm.specification.version" value="24"/>
    <property name="user.country" value="CO"/>
    <property name="sun.java.launcher" value="SUN_STANDARD"/>
    <property name="sun.boot.library.path" value="C:\Program Files\Apache NetBeans\jdk\bin"/>
    <property name="sun.java.command" value="C:\Users\david\AppData\Local\Temp\surefire10499523361995892786\surefirebooter-20250928151634128_3.jar C:\Users\david\AppData\Local\Temp\surefire10499523361995892786 2025-09-28T15-16-33_970-jvmRun1 surefire-20250928151634128_1tmp surefire_0-20250928151634128_2tmp"/>
    <property name="jdk.debug" value="release"/>
    <property name="test" value="UnitTest.EstudianteConsultaEstadoTest"/>
    <property name="surefire.test.class.path" value="C:\Users\david\Downloads\ProyectoDeGrado\target\test-classes;C:\Users\david\Downloads\ProyectoDeGrado\target\classes;C:\Users\david\.m2\repository\org\openjfx\javafx-controls\21.0.3\javafx-controls-21.0.3.jar;C:\Users\david\.m2\repository\org\openjfx\javafx-controls\21.0.3\javafx-controls-21.0.3-win.jar;C:\Users\david\.m2\repository\org\openjfx\javafx-graphics\21.0.3\javafx-graphics-21.0.3.jar;C:\Users\david\.m2\repository\org\openjfx\javafx-graphics\21.0.3\javafx-graphics-21.0.3-win.jar;C:\Users\david\.m2\repository\org\openjfx\javafx-base\21.0.3\javafx-base-21.0.3.jar;C:\Users\david\.m2\repository\org\openjfx\javafx-base\21.0.3\javafx-base-21.0.3-win.jar;C:\Users\david\.m2\repository\org\openjfx\javafx-fxml\21.0.3\javafx-fxml-21.0.3.jar;C:\Users\david\.m2\repository\org\openjfx\javafx-fxml\21.0.3\javafx-fxml-21.0.3-win.jar;C:\Users\david\.m2\repository\org\xerial\sqlite-jdbc\3.45.1.0\sqlite-jdbc-3.45.1.0.jar;C:\Users\david\.m2\repository\org\slf4j\slf4j-api\1.7.36\slf4j-api-1.7.36.jar;C:\Users\david\.m2\repository\org\mockito\mockito-core\5.18.0\mockito-core-5.18.0.jar;C:\Users\david\.m2\repository\net\bytebuddy\byte-buddy\1.17.5\byte-buddy-1.17.5.jar;C:\Users\david\.m2\repository\net\bytebuddy\byte-buddy-agent\1.17.5\byte-buddy-agent-1.17.5.jar;C:\Users\david\.m2\repository\org\objenesis\objenesis\3.3\objenesis-3.3.jar;C:\Users\david\.m2\repository\org\mockito\mockito-junit-jupiter\5.3.1\mockito-junit-jupiter-5.3.1.jar;C:\Users\david\.m2\repository\org\junit\jupiter\junit-jupiter-api\5.6.0\junit-jupiter-api-5.6.0.jar;C:\Users\david\.m2\repository\org\apiguardian\apiguardian-api\1.1.0\apiguardian-api-1.1.0.jar;C:\Users\david\.m2\repository\org\opentest4j\opentest4j\1.2.0\opentest4j-1.2.0.jar;C:\Users\david\.m2\repository\org\junit\platform\junit-platform-commons\1.6.0\junit-platform-commons-1.6.0.jar;C:\Users\david\.m2\repository\org\junit\jupiter\junit-jupiter-engine\5.6.0\junit-jupiter-engine-5.6.0.jar;C:\Users\david\.m2\repository\org\junit\platform\junit-platform-engine\1.6.0\junit-platform-engine-1.6.0.jar;"/>
    <property name="sun.cpu.endian" value="little"/>
    <property name="user.home" value="C:\Users\david"/>
    <property name="user.language" value="es"/>
    <property name="java.specification.vendor" value="Oracle Corporation"/>
    <property name="java.version.date" value="2025-04-15"/>
    <property name="java.home" value="C:\Program Files\Apache NetBeans\jdk"/>
    <property name="file.separator" value="\"/>
    <property name="basedir" value="C:\Users\david\Downloads\ProyectoDeGrado"/>
    <property name="java.vm.compressedOopsMode" value="32-bit"/>
    <property name="line.separator" value="&#10;"/>
    <property name="java.vm.specification.vendor" value="Oracle Corporation"/>
    <property name="java.specification.name" value="Java Platform API Specification"/>
    <property name="surefire.real.class.path" value="C:\Users\david\AppData\Local\Temp\surefire10499523361995892786\surefirebooter-20250928151634128_3.jar"/>
    <property name="user.script" value=""/>
    <property name="sun.management.compiler" value="HotSpot 64-Bit Tiered Compilers"/>
    <property name="java.runtime.version" value="24.0.1+9"/>
    <property name="user.name" value="david"/>
    <property name="stdout.encoding" value="Cp1252"/>
    <property name="path.separator" value=";"/>
    <property name="os.version" value="10.0"/>
    <property name="java.runtime.name" value="OpenJDK Runtime Environment"/>
    <property name="file.encoding" value="UTF-8"/>
    <property name="java.vm.name" value="OpenJDK 64-Bit Server VM"/>
    <property name="java.vendor.version" value="Zulu24.30+11-CA"/>
    <property name="maven.ext.class.path" value="C:\Program Files\Apache NetBeans\java\maven-nblib\netbeans-eventspy.jar"/>
    <property name="localRepository" value="C:\Users\david\.m2\repository"/>
    <property name="java.vendor.url.bug" value="http://www.azul.com/support/"/>
    <property name="java.io.tmpdir" value="C:\Users\david\AppData\Local\Temp\"/>
    <property name="java.version" value="24.0.1"/>
    <property name="user.dir" value="C:\Users\david\Downloads\ProyectoDeGrado"/>
    <property name="os.arch" value="amd64"/>
    <property name="java.vm.specification.name" value="Java Virtual Machine Specification"/>
    <property name="sun.os.patch.level" value=""/>
    <property name="native.encoding" value="Cp1252"/>
    <property name="java.library.path" value="C:\Program Files\Apache NetBeans\jdk\bin;C:\WINDOWS\Sun\Java\bin;C:\WINDOWS\system32;C:\WINDOWS;C:\Program Files\Eclipse Adoptium\jdk-21.0.8.9-hotspot\bin;C:\app\david\product\18.0.0\dbhomeXE\bin;C:\windows\system32;C:\windows;C:\windows\System32\Wbem;C:\windows\System32\WindowsPowerShell\v1.0\;C:\windows\System32\OpenSSH\;C:\Program Files (x86)\NVIDIA Corporation\PhysX\Common;C:\Program Files\NVIDIA Corporation\NVIDIA NvDLISR;C:\WINDOWS\system32;C:\WINDOWS;C:\WINDOWS\System32\Wbem;C:\WINDOWS\System32\WindowsPowerShell\v1.0\;C:\WINDOWS\System32\OpenSSH\;C:\Program Files\Microsoft SQL Server\150\Tools\Binn\;C:\Program Files\Microsoft SQL Server\Client SDK\ODBC\170\Tools\Binn\;C:\Program Files\dotnet\;C:\Program Files\nodejs\;C:\ProgramData\chocolatey\bin;C:\Program Files\Docker\Docker\resources\bin;C:\Users\david\Downloads\instantclient-basic-windows.x64-23.8.0.25.04\instantclient_23_8;C:\Program Files\Git\cmd;C:\Users\david\apache-maven-3.9.11;C:\Users\david\AppData\Local\Microsoft\WindowsApps;C:\Users\david\.dotnet\tools;C:\Users\david\AppData\Roaming\npm;C:\Users\david\AppData\Local\Programs\Microsoft VS Code\bin;C:\Program Files\Apache NetBeans\jdk\bin;;C:\Users\david\apache-maven-3.9.11\bin;C:\Program Files\MySQL\MySQL Shell 8.0\bin\;C:\Users\david\AppData\Local\Microsoft\WindowsApps;C:\Users\david\.dotnet\tools;C:\Users\david\AppData\Roaming\npm;C:\Users\david\AppData\Local\Programs\Microsoft VS Code\bin;C:\Users\david\apache-maven-3.9.11;;."/>
    <property name="java.vm.info" value="mixed mode, sharing"/>
    <property name="stderr.encoding" value="Cp1252"/>
    <property name="java.vendor" value="Azul Systems, Inc."/>
    <property name="java.vm.version" value="24.0.1+9"/>
    <property name="sun.io.unicode.encoding" value="UnicodeLittle"/>
    <property name="java.class.version" value="68.0"/>
  </properties>
  <testcase name="testConsultaInformacionCompletaProyecto" classname="UnitTest.EstudianteConsultaEstadoTest" time="0.044"/>
  <testcase name="testConsultaDiferentesEstados" classname="UnitTest.EstudianteConsultaEstadoTest" time="0.002"/>
  <testcase name="testProyectoConMultiplesEstudiantes" classname="UnitTest.EstudianteConsultaEstadoTest" time="0.005"/>
  <testcase name="testConsultaEstadoProyecto" classname="UnitTest.EstudianteConsultaEstadoTest" time="0.001"/>
  <testcase name="testActualizacionEstadoProyecto" classname="UnitTest.EstudianteConsultaEstadoTest" time="0.001"/>
</testsuite>