<?xml version="1.0" encoding="UTF-8"?>
<testsuite xmlns:xsi="http://www.w3.org/2001/XMLSchema-instance" xsi:noNamespaceSchemaLocation="https://maven.apache.org/surefire/maven-surefire-plugin/xsd/surefire-test-report-3.0.xsd" version="3.0" name="UnitTest.PersonaServiceTest" time="0.107" tests="11" errors="0" skipped="0" failures="0">
  <properties>
    <property name="java.specification.version" value="24"/>
    <property name="sun.cpu.isalist" value="amd64"/>
    <property name="sun.jnu.encoding" value="Cp1252"/>
    <property name="java.class.path" value="C:\Users\JFernando\Documents\GitHub\ProyectoDeGrado\target\test-classes;C:\Users\JFernando\Documents\GitHub\ProyectoDeGrado\target\classes;C:\Users\JFernando\.m2\repository\org\openjfx\javafx-controls\21.0.3\javafx-controls-21.0.3.jar;C:\Users\JFernando\.m2\repository\org\openjfx\javafx-controls\21.0.3\javafx-controls-21.0.3-win.jar;C:\Users\JFernando\.m2\repository\org\openjfx\javafx-graphics\21.0.3\javafx-graphics-21.0.3.jar;C:\Users\JFernando\.m2\repository\org\openjfx\javafx-graphics\21.0.3\javafx-graphics-21.0.3-win.jar;C:\Users\JFernando\.m2\repository\org\openjfx\javafx-base\21.0.3\javafx-base-21.0.3.jar;C:\Users\JFernando\.m2\repository\org\openjfx\javafx-base\21.0.3\javafx-base-21.0.3-win.jar;C:\Users\JFernando\.m2\repository\org\openjfx\javafx-fxml\21.0.3\javafx-fxml-21.0.3.jar;C:\Users\JFernando\.m2\repository\org\openjfx\javafx-fxml\21.0.3\javafx-fxml-21.0.3-win.jar;C:\Users\JFernando\.m2\repository\org\xerial\sqlite-jdbc\3.45.1.0\sqlite-jdbc-3.45.1.0.jar;C:\Users\JFernando\.m2\repository\org\slf4j\slf4j-api\1.7.36\slf4j-api-1.7.36.jar;C:\Users\JFernando\.m2\repository\org\mockito\mockito-core\5.18.0\mockito-core-5.18.0.jar;C:\Users\JFernando\.m2\repository\net\bytebuddy\byte-buddy\1.17.5\byte-buddy-1.17.5.jar;C:\Users\JFernando\.m2\repository\net\bytebuddy\byte-buddy-agent\1.17.5\byte-buddy-agent-1.17.5.jar;C:\Users\JFernando\.m2\repository\org\objenesis\objenesis\3.3\objenesis-3.3.jar;C:\Users\JFernando\.m2\repository\org\mockito\mockito-junit-jupiter\5.3.1\mockito-junit-jupiter-5.3.1.jar;C:\Users\JFernando\.m2\repository\org\junit\jupiter\junit-jupiter-api\5.6.0\junit-jupiter-api-5.6.0.jar;C:\Users\JFernando\.m2\repository\org\apiguardian\apiguardian-api\1.1.0\apiguardian-api-1.1.0.jar;C:\Users\JFernando\.m2\repository\org\opentest4j\opentest4j\1.2.0\opentest4j-1.2.0.jar;C:\Users\JFernando\.m2\repository\org\junit\platform\junit-platform-commons\1.6.0\junit-platform-commons-1.6.0.jar;C:\Users\JFernando\.m2\repository\org\junit\jupiter\junit-jupiter-engine\5.6.0\junit-jupiter-engine-5.6.0.jar;C:\Users\JFernando\.m2\repository\org\junit\platform\junit-platform-engine\1.6.0\junit-platform-engine-1.6.0.jar;"/>
    <property name="java.vm.vendor" value="Azul Systems, Inc."/>
    <property name="sun.arch.data.model" value="64"/>
    <property name="user.variant" value=""/>
    <property name="java.vendor.url" value="http://www.azul.com/"/>
    <property name="user.timezone" value="America/Bogota"/>
    <property name="os.name" value="Windows 11"/>
    <property name="java.vm.specification.version" value="24"/>
    <property name="user.country" value="CO"/>
    <property name="sun.java.launcher" value="SUN_STANDARD"/>
    <property name="sun.boot.library.path" value="C:\Program Files\Apache NetBeans\jdk\bin"/>
    <property name="sun.java.command" value="C:\Users\JFernando\AppData\Local\Temp\surefire2451448014026932317\surefirebooter-20250928225046793_3.jar C:\Users\JFernando\AppData\Local\Temp\surefire2451448014026932317 2025-09-28T22-50-46_650-jvmRun1 surefire-20250928225046793_1tmp surefire_0-20250928225046793_2tmp"/>
    <property name="jdk.debug" value="release"/>
    <property name="test" value="UnitTest.**.*Test"/>
    <property name="surefire.test.class.path" value="C:\Users\JFernando\Documents\GitHub\ProyectoDeGrado\target\test-classes;C:\Users\JFernando\Documents\GitHub\ProyectoDeGrado\target\classes;C:\Users\JFernando\.m2\repository\org\openjfx\javafx-controls\21.0.3\javafx-controls-21.0.3.jar;C:\Users\JFernando\.m2\repository\org\openjfx\javafx-controls\21.0.3\javafx-controls-21.0.3-win.jar;C:\Users\JFernando\.m2\repository\org\openjfx\javafx-graphics\21.0.3\javafx-graphics-21.0.3.jar;C:\Users\JFernando\.m2\repository\org\openjfx\javafx-graphics\21.0.3\javafx-graphics-21.0.3-win.jar;C:\Users\JFernando\.m2\repository\org\openjfx\javafx-base\21.0.3\javafx-base-21.0.3.jar;C:\Users\JFernando\.m2\repository\org\openjfx\javafx-base\21.0.3\javafx-base-21.0.3-win.jar;C:\Users\JFernando\.m2\repository\org\openjfx\javafx-fxml\21.0.3\javafx-fxml-21.0.3.jar;C:\Users\JFernando\.m2\repository\org\openjfx\javafx-fxml\21.0.3\javafx-fxml-21.0.3-win.jar;C:\Users\JFernando\.m2\repository\org\xerial\sqlite-jdbc\3.45.1.0\sqlite-jdbc-3.45.1.0.jar;C:\Users\JFernando\.m2\repository\org\slf4j\slf4j-api\1.7.36\slf4j-api-1.7.36.jar;C:\Users\JFernando\.m2\repository\org\mockito\mockito-core\5.18.0\mockito-core-5.18.0.jar;C:\Users\JFernando\.m2\repository\net\bytebuddy\byte-buddy\1.17.5\byte-buddy-1.17.5.jar;C:\Users\JFernando\.m2\repository\net\bytebuddy\byte-buddy-agent\1.17.5\byte-buddy-agent-1.17.5.jar;C:\Users\JFernando\.m2\repository\org\objenesis\objenesis\3.3\objenesis-3.3.jar;C:\Users\JFernando\.m2\repository\org\mockito\mockito-junit-jupiter\5.3.1\mockito-junit-jupiter-5.3.1.jar;C:\Users\JFernando\.m2\repository\org\junit\jupiter\junit-jupiter-api\5.6.0\junit-jupiter-api-5.6.0.jar;C:\Users\JFernando\.m2\repository\org\apiguardian\apiguardian-api\1.1.0\apiguardian-api-1.1.0.jar;C:\Users\JFernando\.m2\repository\org\opentest4j\opentest4j\1.2.0\opentest4j-1.2.0.jar;C:\Users\JFernando\.m2\repository\org\junit\platform\junit-platform-commons\1.6.0\junit-platform-commons-1.6.0.jar;C:\Users\JFernando\.m2\repository\org\junit\jupiter\junit-jupiter-engine\5.6.0\junit-jupiter-engine-5.6.0.jar;C:\Users\JFernando\.m2\repository\org\junit\platform\junit-platform-engine\1.6.0\junit-platform-engine-1.6.0.jar;"/>
    <property name="sun.cpu.endian" value="little"/>
    <property name="user.home" value="C:\Users\JFernando"/>
    <property name="user.language" value="es"/>
    <property name="java.specification.vendor" value="Oracle Corporation"/>
    <property name="java.version.date" value="2025-07-15"/>
    <property name="java.home" value="C:\Program Files\Apache NetBeans\jdk"/>
    <property name="file.separator" value="\"/>
    <property name="basedir" value="C:\Users\JFernando\Documents\GitHub\ProyectoDeGrado"/>
    <property name="java.vm.compressedOopsMode" value="Zero based"/>
    <property name="line.separator" value="&#10;"/>
    <property name="java.vm.specification.vendor" value="Oracle Corporation"/>
    <property name="java.specification.name" value="Java Platform API Specification"/>
    <property name="surefire.real.class.path" value="C:\Users\JFernando\AppData\Local\Temp\surefire2451448014026932317\surefirebooter-20250928225046793_3.jar"/>
    <property name="user.script" value=""/>
    <property name="sun.management.compiler" value="HotSpot 64-Bit Tiered Compilers"/>
    <property name="java.runtime.version" value="24.0.2+12"/>
    <property name="user.name" value="J. Fernando"/>
    <property name="stdout.encoding" value="Cp1252"/>
    <property name="path.separator" value=";"/>
    <property name="os.version" value="10.0"/>
    <property name="java.runtime.name" value="OpenJDK Runtime Environment"/>
    <property name="file.encoding" value="UTF-8"/>
    <property name="java.vm.name" value="OpenJDK 64-Bit Server VM"/>
    <property name="java.vendor.version" value="Zulu24.32+13-CA"/>
    <property name="maven.ext.class.path" value="C:\Program Files\Apache NetBeans\java\maven-nblib\netbeans-eventspy.jar"/>
    <property name="localRepository" value="C:\Users\JFernando\.m2\repository"/>
    <property name="java.vendor.url.bug" value="http://www.azul.com/support/"/>
    <property name="java.io.tmpdir" value="C:\Users\JFERNA~1\AppData\Local\Temp\"/>
    <property name="java.version" value="24.0.2"/>
    <property name="user.dir" value="C:\Users\JFernando\Documents\GitHub\ProyectoDeGrado"/>
    <property name="os.arch" value="amd64"/>
    <property name="java.vm.specification.name" value="Java Virtual Machine Specification"/>
    <property name="sun.os.patch.level" value=""/>
    <property name="native.encoding" value="Cp1252"/>
    <property name="java.library.path" value="C:\Program Files\Apache NetBeans\jdk\bin;C:\WINDOWS\Sun\Java\bin;C:\WINDOWS\system32;C:\WINDOWS;C:\Python313\Scripts\;C:\Python313\;C:\Users\Oracle\dbhomeXE\bin;C:\Users\JFernando\dbhomeXE\bin;C:\Program Files\Common Files\Oracle\Java\javapath;C:\Program Files (x86)\Common Files\Oracle\Java\javapath;C:\WINDOWS\system32;C:\WINDOWS;C:\WINDOWS\System32\Wbem;C:\WINDOWS\System32\WindowsPowerShell\v1.0\;C:\WINDOWS\System32\OpenSSH\;C:\WINDOWS\system32;C:\WINDOWS;C:\WINDOWS\System32\Wbem;C:\WINDOWS\System32\WindowsPowerShell\v1.0\;C:\WINDOWS\System32\OpenSSH\;C:\Program Files\dotnet\;C:\Program Files (x86)\Windows Kits\10\Windows Performance Toolkit\;C:\Program Files\nodejs\;C:\ProgramData\chocolatey\bin;C:\Program Files\Git\cmd;C:\Users\JFernando\AppData\Local\Programs\Python\Launcher\;C:\Users\JFernando\AppData\Local\Microsoft\WindowsApps;C:\Users\JFernando\.dotnet\tools;C:\Users\JFernando\AppData\Roaming\npm;C:\Program Files\JetBrains\IntelliJ IDEA 2025.2.1\bin;C:\Users\JFernando\AppData\Local\GitHubDesktop\bin;."/>
    <property name="java.vm.info" value="mixed mode, sharing"/>
    <property name="stderr.encoding" value="Cp1252"/>
    <property name="java.vendor" value="Azul Systems, Inc."/>
    <property name="java.vm.version" value="24.0.2+12"/>
    <property name="sun.io.unicode.encoding" value="UnicodeLittle"/>
    <property name="java.class.version" value="68.0"/>
  </properties>
  <testcase name="testRegistroEstudianteExitoso" classname="UnitTest.PersonaServiceTest" time="0.069"/>
  <testcase name="testRegistroNombreInvalido" classname="UnitTest.PersonaServiceTest" time="0.005"/>
  <testcase name="testInicioSesionContraseniaIncorrecta" classname="UnitTest.PersonaServiceTest" time="0.003">
    <system-out><![CDATA[carlos.ramirez@unicauca.edu.co
]]></system-out>
  </testcase>
  <testcase name="testRegistroContraseniaDebil" classname="UnitTest.PersonaServiceTest" time="0.003"/>
  <testcase name="testRegistroCelularInvalido" classname="UnitTest.PersonaServiceTest" time="0.002"/>
  <testcase name="testInicioSesionContraseniaVacia" classname="UnitTest.PersonaServiceTest" time="0.001"/>
  <testcase name="testEncriptacionFunciona" classname="UnitTest.PersonaServiceTest" time="0.001"/>
  <testcase name="testInicioSesionExitoso" classname="UnitTest.PersonaServiceTest" time="0.004">
    <system-out><![CDATA[carlos.ramirez@unicauca.edu.co
]]></system-out>
  </testcase>
  <testcase name="testInicioSesionCorreoVacio" classname="UnitTest.PersonaServiceTest" time="0.003"/>
  <testcase name="testCerrarSesion" classname="UnitTest.PersonaServiceTest" time="0.003">
    <system-out><![CDATA[carlos.ramirez@unicauca.edu.co
]]></system-out>
  </testcase>
  <testcase name="testRegistroCorreoExistente" classname="UnitTest.PersonaServiceTest" time="0.005"/>
</testsuite>